<?xml version="1.0" encoding="UTF-8"?>
<testsuite xmlns:xsi="http://www.w3.org/2001/XMLSchema-instance" xsi:noNamespaceSchemaLocation="https://maven.apache.org/surefire/maven-surefire-plugin/xsd/surefire-test-report-3.0.xsd" version="3.0" name="com.datadistributor.integration.OverdueDispatchIntegrationTest" time="5.454" tests="1" errors="0" skipped="0" failures="0">
  <properties>
[...]
</properties>
  <testcase name="sendsEarliestOverlimitWhenDpdExceedsThresholdEvenWithoutTodayEvent" classname="com.datadistributor.integration.OverdueDispatchIntegrationTest" time="2.081">
    <system-out><![CDATA[
  .   ____          _            __ _ _
 /\\ / ___'_ __ _ _(_)_ __  __ _ \ \ \ \
( ( )\___ | '_ | '_| | '_ \/ _` | \ \ \ \
 \\/  ___)| |_)| | | | | || (_| |  ) ) ) )
  '  |____| .__|_| |_|_| |_\__, | / / / /
 =========|_|==============|___/=/_/_/_/

 :: Spring Boot ::                (v3.5.6)

2025-12-04T16:26:13.444+01:00  INFO 959905 --- [data-distributor] [           main] c.d.i.OverdueDispatchIntegrationTest     : Starting OverdueDispatchIntegrationTest using Java 17.0.17 with PID 959905 (started by ashu in /home/ashu/git/codex/data-distributor)
2025-12-04T16:26:13.445+01:00  INFO 959905 --- [data-distributor] [           main] c.d.i.OverdueDispatchIntegrationTest     : The following 1 profile is active: "test"
2025-12-04T16:26:13.890+01:00  INFO 959905 --- [data-distributor] [           main] .s.d.r.c.RepositoryConfigurationDelegate : Bootstrapping Spring Data JPA repositories in DEFAULT mode.
2025-12-04T16:26:13.904+01:00  INFO 959905 --- [data-distributor] [           main] .s.d.r.c.RepositoryConfigurationDelegate : Finished Spring Data repository scanning in 12 ms. Found 5 JPA repository interfaces.
2025-12-04T16:26:14.101+01:00  INFO 959905 --- [data-distributor] [           main] o.s.cloud.context.scope.GenericScope     : BeanFactory id=d2c8d0d1-aed7-3a5d-b904-bc33e2e18b8f
2025-12-04T16:26:14.404+01:00  INFO 959905 --- [data-distributor] [           main] o.hibernate.jpa.internal.util.LogHelper  : HHH000204: Processing PersistenceUnitInfo [name: default]
2025-12-04T16:26:14.435+01:00  INFO 959905 --- [data-distributor] [           main] o.h.c.internal.RegionFactoryInitiator    : HHH000026: Second-level cache disabled
2025-12-04T16:26:14.461+01:00  INFO 959905 --- [data-distributor] [           main] o.s.o.j.p.SpringPersistenceUnitInfo      : No LoadTimeWeaver setup: ignoring JPA class transformer
2025-12-04T16:26:14.462+01:00  INFO 959905 --- [data-distributor] [           main] com.zaxxer.hikari.HikariDataSource       : HikariPool-6 - Starting...
2025-12-04T16:26:14.473+01:00  INFO 959905 --- [data-distributor] [           main] com.zaxxer.hikari.pool.HikariPool        : HikariPool-6 - Added connection conn50: url=jdbc:h2:mem:testdb user=SA
2025-12-04T16:26:14.474+01:00  INFO 959905 --- [data-distributor] [           main] com.zaxxer.hikari.HikariDataSource       : HikariPool-6 - Start completed.
2025-12-04T16:26:14.476+01:00  WARN 959905 --- [data-distributor] [           main] org.hibernate.orm.deprecation            : HHH90000025: H2Dialect does not need to be specified explicitly using 'hibernate.dialect' (remove the property setting and it will be selected by default)
2025-12-04T16:26:14.477+01:00  INFO 959905 --- [data-distributor] [           main] org.hibernate.orm.connections.pooling    : HHH10001005: Database info:
	Database JDBC URL [Connecting through datasource 'HikariDataSource (HikariPool-6)']
	Database driver: undefined/unknown
	Database version: 2.3.232
	Autocommit mode: undefined/unknown
	Isolation level: undefined/unknown
	Minimum pool size: undefined/unknown
	Maximum pool size: undefined/unknown
2025-12-04T16:26:14.771+01:00  INFO 959905 --- [data-distributor] [           main] o.h.e.t.j.p.i.JtaPlatformInitiator       : HHH000489: No JTA platform available (set 'hibernate.transaction.jta.platform' to enable JTA platform integration)
2025-12-04T16:26:14.792+01:00  INFO 959905 --- [data-distributor] [           main] j.LocalContainerEntityManagerFactoryBean : Initialized JPA EntityManagerFactory for persistence unit 'default'
2025-12-04T16:26:16.700+01:00  INFO 959905 --- [data-distributor] [           main] c.d.i.OverdueDispatchIntegrationTest     : Started OverdueDispatchIntegrationTest in 3.323 seconds (process running for 88.328)
2025-12-04T16:26:16.798+01:00  INFO 959905 --- [data-distributor] [           main] d.d.s.SignalEventProcessingDomainService : 🚀 Starting processing for 1 events on 2025-12-06 (~1 batches)
2025-12-04T16:26:16.799+01:00  INFO 959905 --- [data-distributor] [           main] c.d.domain.job.JobProgressTracker        : Job job-overdue started with 1 batches
2025-12-04T16:26:16.799+01:00  INFO 959905 --- [data-distributor] [           main] d.d.s.SignalEventProcessingDomainService : Submitting batch #1 (size 1) on thread main | uabsEventIds=[1]
2025-12-04T16:26:16.800+01:00  INFO 959905 --- [data-distributor] [taDistributor-1] c.d.o.web.SignalEventBatchSender         : 🚀 Sending batch of 1 events | concurrencyCap=5 | thread=DataDistributor-1
2025-12-04T16:26:16.802+01:00 DEBUG 959905 --- [data-distributor] [taDistributor-1] c.d.o.web.SignalEventBatchSender         : ➡️  [9] Sending uabsEventId=1 to http://localhost:8081
2025-12-04T16:26:16.870+01:00  WARN 959905 --- [data-distributor] [taDistributor-1] io.netty.util.NetUtilInitializations     : Failed to retrieve the list of available network interfaces

java.net.SocketException: Operation not permitted (Socket creation failed)
	at java.base/java.net.NetworkInterface.getAll(Native Method) ~[na:na]
	at java.base/java.net.NetworkInterface.getNetworkInterfaces(NetworkInterface.java:353) ~[na:na]
	at io.netty.util.NetUtilInitializations.networkInterfaces(NetUtilInitializations.java:74) ~[netty-common-4.1.127.Final.jar:4.1.127.Final]
	at io.netty.util.NetUtil.<clinit>(NetUtil.java:152) ~[netty-common-4.1.127.Final.jar:4.1.127.Final]
	at reactor.netty.transport.AddressUtils.attemptParsingIpString(AddressUtils.java:238) ~[reactor-netty-core-1.2.10.jar:1.2.10]
	at reactor.netty.transport.AddressUtils.createForIpString(AddressUtils.java:259) ~[reactor-netty-core-1.2.10.jar:1.2.10]
	at reactor.netty.transport.AddressUtils.createInetSocketAddress(AddressUtils.java:56) ~[reactor-netty-core-1.2.10.jar:1.2.10]
	at reactor.netty.transport.AddressUtils.createUnresolved(AddressUtils.java:86) ~[reactor-netty-core-1.2.10.jar:1.2.10]
	at reactor.netty.http.client.UriEndpointFactory.lambda$createUriEndpoint$1(UriEndpointFactory.java:87) ~[reactor-netty-http-1.2.10.jar:1.2.10]
	at reactor.netty.http.client.UriEndpoint.toExternalForm(UriEndpoint.java:65) ~[reactor-netty-http-1.2.10.jar:1.2.10]
	at reactor.netty.http.client.HttpClientConnect$HttpClientHandler.<init>(HttpClientConnect.java:528) ~[reactor-netty-http-1.2.10.jar:1.2.10]
	at reactor.netty.http.client.HttpClientConnect$MonoHttpConnect.subscribe(HttpClientConnect.java:213) ~[reactor-netty-http-1.2.10.jar:1.2.10]
	at reactor.core.publisher.InternalMonoOperator.subscribe(InternalMonoOperator.java:76) ~[reactor-core-3.7.11.jar:3.7.11]
	at reactor.core.publisher.MonoDefer.subscribe(MonoDefer.java:53) ~[reactor-core-3.7.11.jar:3.7.11]
	at reactor.core.publisher.InternalMonoOperator.subscribe(InternalMonoOperator.java:76) ~[reactor-core-3.7.11.jar:3.7.11]
	at reactor.core.publisher.MonoDeferContextual.subscribe(MonoDeferContextual.java:55) ~[reactor-core-3.7.11.jar:3.7.11]
	at reactor.core.publisher.InternalMonoOperator.subscribe(InternalMonoOperator.java:76) ~[reactor-core-3.7.11.jar:3.7.11]
	at io.github.resilience4j.reactor.circuitbreaker.operator.MonoCircuitBreaker.subscribe(MonoCircuitBreaker.java:38) ~[resilience4j-reactor-2.2.0.jar:2.2.0]
	at reactor.core.publisher.MonoDefer.subscribe(MonoDefer.java:53) ~[reactor-core-3.7.11.jar:3.7.11]
	at reactor.core.publisher.FluxRetryWhen.subscribe(FluxRetryWhen.java:81) ~[reactor-core-3.7.11.jar:3.7.11]
	at reactor.core.publisher.MonoRetryWhen.subscribeOrReturn(MonoRetryWhen.java:46) ~[reactor-core-3.7.11.jar:3.7.11]
	at reactor.core.publisher.Mono.subscribe(Mono.java:4560) ~[reactor-core-3.7.11.jar:3.7.11]
	at reactor.core.publisher.FluxFlatMap$FlatMapMain.onNext(FluxFlatMap.java:430) ~[reactor-core-3.7.11.jar:3.7.11]
	at reactor.core.publisher.FluxIterable$IterableSubscription.slowPath(FluxIterable.java:335) ~[reactor-core-3.7.11.jar:3.7.11]
	at reactor.core.publisher.FluxIterable$IterableSubscription.request(FluxIterable.java:294) ~[reactor-core-3.7.11.jar:3.7.11]
	at reactor.core.publisher.FluxFlatMap$FlatMapMain.onSubscribe(FluxFlatMap.java:373) ~[reactor-core-3.7.11.jar:3.7.11]
	at reactor.core.publisher.FluxIterable.subscribe(FluxIterable.java:201) ~[reactor-core-3.7.11.jar:3.7.11]
	at reactor.core.publisher.FluxIterable.subscribe(FluxIterable.java:83) ~[reactor-core-3.7.11.jar:3.7.11]
	at reactor.core.publisher.Mono.subscribe(Mono.java:4576) ~[reactor-core-3.7.11.jar:3.7.11]
	at reactor.core.publisher.Mono.subscribeWith(Mono.java:4641) ~[reactor-core-3.7.11.jar:3.7.11]
	at reactor.core.publisher.Mono.toFuture(Mono.java:5153) ~[reactor-core-3.7.11.jar:3.7.11]
	at com.datadistributor.outadapter.web.SignalEventBatchSender.submitBatch(SignalEventBatchSender.java:71) ~[classes/:na]
	at java.base/jdk.internal.reflect.NativeMethodAccessorImpl.invoke0(Native Method) ~[na:na]
	at java.base/jdk.internal.reflect.NativeMethodAccessorImpl.invoke(NativeMethodAccessorImpl.java:77) ~[na:na]
	at java.base/jdk.internal.reflect.DelegatingMethodAccessorImpl.invoke(DelegatingMethodAccessorImpl.java:43) ~[na:na]
	at java.base/java.lang.reflect.Method.invoke(Method.java:569) ~[na:na]
	at org.springframework.aop.support.AopUtils.invokeJoinpointUsingReflection(AopUtils.java:360) ~[spring-aop-6.2.11.jar:6.2.11]
	at org.springframework.aop.framework.ReflectiveMethodInvocation.invokeJoinpoint(ReflectiveMethodInvocation.java:196) ~[spring-aop-6.2.11.jar:6.2.11]
	at org.springframework.aop.framework.ReflectiveMethodInvocation.proceed(ReflectiveMethodInvocation.java:163) ~[spring-aop-6.2.11.jar:6.2.11]
	at org.springframework.aop.interceptor.AsyncExecutionInterceptor.lambda$invoke$0(AsyncExecutionInterceptor.java:114) ~[spring-aop-6.2.11.jar:6.2.11]
	at org.springframework.util.concurrent.FutureUtils.lambda$toSupplier$0(FutureUtils.java:74) ~[spring-core-6.2.11.jar:6.2.11]
	at java.base/java.util.concurrent.CompletableFuture$AsyncSupply.run(CompletableFuture.java:1768) ~[na:na]
	at java.base/java.util.concurrent.ThreadPoolExecutor.runWorker(ThreadPoolExecutor.java:1136) ~[na:na]
	at java.base/java.util.concurrent.ThreadPoolExecutor$Worker.run(ThreadPoolExecutor.java:635) ~[na:na]
	at java.base/java.lang.Thread.run(Thread.java:840) ~[na:na]

2025-12-04T16:26:16.879+01:00  WARN 959905 --- [data-distributor] [taDistributor-1] io.netty.util.NetUtilInitializations     : Failed to find the loopback interface
2025-12-04T16:26:18.754+01:00  WARN 959905 --- [data-distributor] [     parallel-3] c.d.o.web.ReactiveSignalEventClient      : 🔁 Retry attempt #1 for uabsEventId=1 cause=org.springframework.web.reactive.function.client.WebClientRequestException: io.netty.channel.unix.Errors$NativeIoException: newSocketStream(..) failed: Operation not permitted breakerState=CLOSED
2025-12-04T16:26:18.756+01:00  WARN 959905 --- [data-distributor] [     parallel-3] c.d.o.web.SignalEventBatchSender         : 💾 Persisting FAIL for uabsEventId=1 | status=FAIL_TRANSIENT | reason=NativeIoException | error=reactor.core.Exceptions$RetryExhaustedException: Retries exhausted: 1/1
2025-12-04T16:26:18.759+01:00 ERROR 959905 --- [data-distributor] [     parallel-3] c.d.o.web.SignalEventBatchSender         : ❌ Final failure for uabsEventId=1 | status=FAIL_TRANSIENT | error=reactor.core.Exceptions$RetryExhaustedException: Retries exhausted: 1/1 | thread=parallel-3
2025-12-04T16:26:18.760+01:00  INFO 959905 --- [data-distributor] [     parallel-3] c.d.o.web.SignalEventBatchSender         : ✅ Batch completed: 0 success / 1 failure
2025-12-04T16:26:18.760+01:00  INFO 959905 --- [data-distributor] [taDistributor-1] c.d.domain.job.JobProgressTracker        : Job job-overdue batch #1 (size 1) complete. Batch success=0 failure=1. Progress: 1/1 batches done (success=0, failure=1)
2025-12-04T16:26:18.760+01:00  INFO 959905 --- [data-distributor] [           main] d.d.s.SignalEventProcessingDomainService : ✅ Processing finished for 2025-12-06. success=0 failure=1
2025-12-04T16:26:18.761+01:00  INFO 959905 --- [data-distributor] [taDistributor-1] c.d.domain.job.JobProgressTracker        : Job job-overdue finished. Total success=0 failure=1
]]></system-out>
  </testcase>
</testsuite>