<?xml version="1.0" encoding="UTF-8"?>
<testsuite xmlns:xsi="http://www.w3.org/2001/XMLSchema-instance" xsi:noNamespaceSchemaLocation="https://maven.apache.org/surefire/maven-surefire-plugin/xsd/surefire-test-report-3.0.xsd" version="3.0" name="com.datadistributor.integration.WebClientFailureIntegrationTest" time="4.245" tests="1" errors="0" skipped="0" failures="0">
  <properties>
[...]
</properties>
  <testcase name="webClientRetriesAndAuditsOnFailure" classname="com.datadistributor.integration.WebClientFailureIntegrationTest" time="0.203">
    <system-out><![CDATA[
  .   ____          _            __ _ _
 /\\ / ___'_ __ _ _(_)_ __  __ _ \ \ \ \
( ( )\___ | '_ | '_| | '_ \/ _` | \ \ \ \
 \\/  ___)| |_)| | | | | || (_| |  ) ) ) )
  '  |____| .__|_| |_|_| |_\__, | / / / /
 =========|_|==============|___/=/_/_/_/

 :: Spring Boot ::                (v3.5.6)

2025-12-04T16:26:09.119+01:00  INFO 959905 --- [data-distributor] [           main] c.d.i.WebClientFailureIntegrationTest    : Starting WebClientFailureIntegrationTest using Java 17.0.17 with PID 959905 (started by ashu in /home/ashu/git/codex/data-distributor)
2025-12-04T16:26:09.119+01:00  INFO 959905 --- [data-distributor] [           main] c.d.i.WebClientFailureIntegrationTest    : The following 1 profile is active: "test"
2025-12-04T16:26:09.606+01:00  INFO 959905 --- [data-distributor] [           main] .s.d.r.c.RepositoryConfigurationDelegate : Bootstrapping Spring Data JPA repositories in DEFAULT mode.
2025-12-04T16:26:09.651+01:00  INFO 959905 --- [data-distributor] [           main] .s.d.r.c.RepositoryConfigurationDelegate : Finished Spring Data repository scanning in 43 ms. Found 5 JPA repository interfaces.
2025-12-04T16:26:09.653+01:00  INFO 959905 --- [data-distributor] [           main] o.s.b.f.s.DefaultListableBeanFactory     : Overriding bean definition for bean 'webClient' with a different definition: replacing [Root bean: class=null; scope=; abstract=false; lazyInit=null; autowireMode=3; dependencyCheck=0; autowireCandidate=true; primary=false; fallback=false; factoryBeanName=webClientConfiguration; factoryMethodName=webClient; initMethodNames=null; destroyMethodNames=[(inferred)]; defined in class path resource [com/datadistributor/application/config/WebClientConfiguration.class]] with [Root bean: class=null; scope=; abstract=false; lazyInit=null; autowireMode=3; dependencyCheck=0; autowireCandidate=true; primary=true; fallback=false; factoryBeanName=failingWebClientStubConfig; factoryMethodName=webClient; initMethodNames=null; destroyMethodNames=[(inferred)]; defined in com.datadistributor.support.FailingWebClientStubConfig]
2025-12-04T16:26:09.931+01:00  INFO 959905 --- [data-distributor] [           main] o.s.cloud.context.scope.GenericScope     : BeanFactory id=1fbdc724-6ca6-335f-8909-8a0ff9a14ad2
2025-12-04T16:26:10.401+01:00  INFO 959905 --- [data-distributor] [           main] o.hibernate.jpa.internal.util.LogHelper  : HHH000204: Processing PersistenceUnitInfo [name: default]
2025-12-04T16:26:10.411+01:00  INFO 959905 --- [data-distributor] [           main] o.h.c.internal.RegionFactoryInitiator    : HHH000026: Second-level cache disabled
2025-12-04T16:26:10.448+01:00  INFO 959905 --- [data-distributor] [           main] o.s.o.j.p.SpringPersistenceUnitInfo      : No LoadTimeWeaver setup: ignoring JPA class transformer
2025-12-04T16:26:10.453+01:00  INFO 959905 --- [data-distributor] [           main] com.zaxxer.hikari.HikariDataSource       : HikariPool-5 - Starting...
2025-12-04T16:26:10.468+01:00  INFO 959905 --- [data-distributor] [           main] com.zaxxer.hikari.pool.HikariPool        : HikariPool-5 - Added connection conn40: url=jdbc:h2:mem:testdb user=SA
2025-12-04T16:26:10.469+01:00  INFO 959905 --- [data-distributor] [           main] com.zaxxer.hikari.HikariDataSource       : HikariPool-5 - Start completed.
2025-12-04T16:26:10.469+01:00  WARN 959905 --- [data-distributor] [           main] org.hibernate.orm.deprecation            : HHH90000025: H2Dialect does not need to be specified explicitly using 'hibernate.dialect' (remove the property setting and it will be selected by default)
2025-12-04T16:26:10.494+01:00  INFO 959905 --- [data-distributor] [           main] org.hibernate.orm.connections.pooling    : HHH10001005: Database info:
	Database JDBC URL [Connecting through datasource 'HikariDataSource (HikariPool-5)']
	Database driver: undefined/unknown
	Database version: 2.3.232
	Autocommit mode: undefined/unknown
	Isolation level: undefined/unknown
	Minimum pool size: undefined/unknown
	Maximum pool size: undefined/unknown
2025-12-04T16:26:10.701+01:00  INFO 959905 --- [data-distributor] [           main] o.h.e.t.j.p.i.JtaPlatformInitiator       : HHH000489: No JTA platform available (set 'hibernate.transaction.jta.platform' to enable JTA platform integration)
2025-12-04T16:26:10.724+01:00  INFO 959905 --- [data-distributor] [           main] j.LocalContainerEntityManagerFactoryBean : Initialized JPA EntityManagerFactory for persistence unit 'default'
2025-12-04T16:26:13.094+01:00  INFO 959905 --- [data-distributor] [           main] c.d.i.WebClientFailureIntegrationTest    : Started WebClientFailureIntegrationTest in 4.027 seconds (process running for 84.723)
2025-12-04T16:26:13.152+01:00  INFO 959905 --- [data-distributor] [           main] d.d.s.SignalEventProcessingDomainService : 🚀 Starting processing for 1 events on 2025-12-02 (~1 batches)
2025-12-04T16:26:13.152+01:00  INFO 959905 --- [data-distributor] [           main] c.d.domain.job.JobProgressTracker        : Job job-webclient-fail started with 1 batches
2025-12-04T16:26:13.193+01:00  INFO 959905 --- [data-distributor] [           main] d.d.s.SignalEventProcessingDomainService : Submitting batch #1 (size 1) on thread main | uabsEventIds=[1]
2025-12-04T16:26:13.199+01:00  INFO 959905 --- [data-distributor] [taDistributor-1] c.d.o.web.SignalEventBatchSender         : 🚀 Sending batch of 1 events | concurrencyCap=5 | thread=DataDistributor-1
2025-12-04T16:26:13.199+01:00 DEBUG 959905 --- [data-distributor] [taDistributor-1] c.d.o.web.SignalEventBatchSender         : ➡️  [8] Sending uabsEventId=1 to http://localhost:8081
2025-12-04T16:26:13.249+01:00  WARN 959905 --- [data-distributor] [taDistributor-1] c.d.o.web.ReactiveSignalEventClient      : 🔁 Retry attempt #1 for uabsEventId=1 cause=org.springframework.web.reactive.function.client.WebClientResponseException$InternalServerError: 500 simulated-500 breakerState=CLOSED
2025-12-04T16:26:13.250+01:00  WARN 959905 --- [data-distributor] [taDistributor-1] c.d.o.web.ReactiveSignalEventClient      : 🔁 Retry attempt #2 for uabsEventId=1 cause=org.springframework.web.reactive.function.client.WebClientResponseException$InternalServerError: 500 simulated-500 breakerState=CLOSED
2025-12-04T16:26:13.251+01:00  WARN 959905 --- [data-distributor] [taDistributor-1] c.d.o.web.SignalEventBatchSender         : 💾 Persisting FAIL for uabsEventId=1 | status=FAIL_TRANSIENT | reason=InternalServerError | error=reactor.core.Exceptions$RetryExhaustedException: Retries exhausted: 2/2
2025-12-04T16:26:13.279+01:00 ERROR 959905 --- [data-distributor] [taDistributor-1] c.d.o.web.SignalEventBatchSender         : ❌ Final failure for uabsEventId=1 | status=FAIL_TRANSIENT | error=reactor.core.Exceptions$RetryExhaustedException: Retries exhausted: 2/2 | thread=DataDistributor-1
2025-12-04T16:26:13.280+01:00  INFO 959905 --- [data-distributor] [taDistributor-1] c.d.o.web.SignalEventBatchSender         : ✅ Batch completed: 0 success / 1 failure
2025-12-04T16:26:13.284+01:00  INFO 959905 --- [data-distributor] [           main] d.d.s.SignalEventProcessingDomainService : ✅ Processing finished for 2025-12-02. success=0 failure=1
2025-12-04T16:26:13.288+01:00  INFO 959905 --- [data-distributor] [taDistributor-1] c.d.domain.job.JobProgressTracker        : Job job-webclient-fail batch #1 (size 1) complete. Batch success=0 failure=1. Progress: 1/1 batches done (success=0, failure=1)
2025-12-04T16:26:13.288+01:00  INFO 959905 --- [data-distributor] [taDistributor-1] c.d.domain.job.JobProgressTracker        : Job job-webclient-fail finished. Total success=0 failure=1
]]></system-out>
  </testcase>
</testsuite>