<?xml version="1.0" encoding="UTF-8"?>
<testsuite xmlns:xsi="http://www.w3.org/2001/XMLSchema-instance" xsi:noNamespaceSchemaLocation="https://maven.apache.org/surefire/maven-surefire-plugin/xsd/surefire-test-report-3.0.xsd" version="3.0" name="com.datadistributor.inadapter.scheduler.SignalEventRetrySchedulerTest" time="0.06" tests="3" errors="0" skipped="0" failures="0">
  <properties>
[...]
</properties>
  <testcase name="skipsWhenDisabled" classname="com.datadistributor.inadapter.scheduler.SignalEventRetrySchedulerTest" time="0.02">
    <system-out><![CDATA[16:25:09.653 [main] INFO com.datadistributor.inadapter.scheduler.SignalEventRetryScheduler -- Retry schedule disabled via config
]]></system-out>
  </testcase>
  <testcase name="triggersOnAllowedDay" classname="com.datadistributor.inadapter.scheduler.SignalEventRetrySchedulerTest" time="0.008">
    <system-out><![CDATA[16:25:09.669 [main] INFO com.datadistributor.inadapter.scheduler.SignalEventRetryScheduler -- Retry scheduler kicking off jobId=retry-4ed0fac3-104a-43fa-b1b2-cddfefbc0a8c for date=2024-12-03
16:25:09.669 [main] INFO com.datadistributor.inadapter.scheduler.SignalEventRetryScheduler -- Retry jobId=retry-4ed0fac3-104a-43fa-b1b2-cddfefbc0a8c for date=2024-12-03 finished. success=0 failure=0 message=ok
]]></system-out>
  </testcase>
  <testcase name="skipsOnMonday" classname="com.datadistributor.inadapter.scheduler.SignalEventRetrySchedulerTest" time="0.011">
    <system-out><![CDATA[16:25:09.684 [main] INFO com.datadistributor.inadapter.scheduler.SignalEventRetryScheduler -- Retry schedule skipped for Monday 2024-12-02
]]></system-out>
  </testcase>
</testsuite>